Se detectaron cambios, haciendo commit...
[main 379cb62] Auto commit: 2025-02-10 00:46:01
 Committer: root <root@Mauricio.localdomain>
Your name and email address were configured automatically based
on your username and hostname. Please check that they are accurate.
You can suppress this message by setting them explicitly:

    git config --global user.name "Your Name"
    git config --global user.email you@example.com

After doing this, you may fix the identity used for this commit with:

    git commit --amend --reset-author

 4 files changed, 32 insertions(+)
 create mode 100755 auto-git.sh
 create mode 100644 git-auto.log
To https://github.com/FervidEmpress01/Clima-Barcelona-App
   78d923f..379cb62  main -> main
Commit y push realizados correctamente.
Se detectaron cambios, haciendo commit...
[main 2055dc3] Auto commit: 2025-02-10 00:47:01
 Committer: root <root@Mauricio.localdomain>
Your name and email address were configured automatically based
on your username and hostname. Please check that they are accurate.
You can suppress this message by setting them explicitly:

    git config --global user.name "Your Name"
    git config --global user.email you@example.com

After doing this, you may fix the identity used for this commit with:

    git commit --amend --reset-author

 3 files changed, 22 insertions(+)
To https://github.com/FervidEmpress01/Clima-Barcelona-App
   379cb62..2055dc3  main -> main
Commit y push realizados correctamente.
Se detectaron cambios, haciendo commit...
